2026-02-14 10:03:08,765 | INFO | pytest | Starting browser: chrome | headless=False
2026-02-14 10:03:10,829 | INFO | base_page | Opening URL: https://iq4staging.usw2.rainbird.com
2026-02-14 10:03:12,348 | INFO | base_page | Typing into: ('id', 'userName') | value_length=3
2026-02-14 10:03:13,441 | INFO | base_page | Typing into: ('id', 'password') | value_length=3
2026-02-14 10:03:13,507 | INFO | base_page | Clicking element: ('id', 'login')
2026-02-14 10:03:13,783 | INFO | pytest | Closing browser
2026-02-14 10:08:14,929 | INFO | pytest | Starting browser: chrome | headless=False
2026-02-14 10:08:16,896 | INFO | base_page | Opening URL: https://iq4staging.usw2.rainbird.com
2026-02-14 10:08:18,327 | INFO | base_page | Typing into: ('id', 'userName') | value_length=14
2026-02-14 10:08:20,511 | INFO | base_page | Typing into: ('id', 'password') | value_length=12
2026-02-14 10:08:20,572 | INFO | base_page | Clicking element: ('id', 'login')
2026-02-14 10:08:20,619 | INFO | pytest | Closing browser
2026-02-14 10:26:24,788 | INFO | base_page | Opening URL: https://iq4staging.usw2.rainbird.com
2026-02-14 10:26:26,221 | INFO | base_page | Typing into: ('id', 'userName') | value_length=3
2026-02-14 10:26:28,242 | INFO | base_page | Typing into: ('id', 'password') | value_length=3
2026-02-14 10:26:28,292 | INFO | base_page | Clicking element: ('id', 'login')
2026-02-14 10:26:36,892 | INFO | base_page | Opening URL: https://iq4staging.usw2.rainbird.com
2026-02-14 10:26:38,558 | INFO | base_page | Typing into: ('id', 'userName') | value_length=14
2026-02-14 10:26:39,663 | INFO | base_page | Typing into: ('id', 'password') | value_length=12
2026-02-14 10:26:39,731 | INFO | base_page | Clicking element: ('id', 'login')
2026-02-14 10:28:40,609 | INFO | base_page | Opening URL: https://stage.example.com
2026-02-14 10:28:41,035 | ERROR | pytest | Saved screenshot: reports/test_login_invalid_credentials.png
2026-02-14 10:28:45,076 | INFO | base_page | Opening URL: https://stage.example.com
2026-02-14 10:28:45,392 | ERROR | pytest | Saved screenshot: reports/test_login_admin.png
2026-02-14 10:31:26,904 | INFO | base_page | Opening URL: https://iq4staging.usw2.rainbird.com
2026-02-14 10:31:28,306 | INFO | base_page | Typing into: ('id', 'userName') | value_length=3
2026-02-14 10:31:48,817 | ERROR | pytest | Saved screenshot: reports/test_login_invalid_credentials.png
2026-02-14 10:31:53,036 | INFO | base_page | Opening URL: https://iq4staging.usw2.rainbird.com
2026-02-14 10:31:54,390 | INFO | base_page | Typing into: ('id', 'userName') | value_length=14
2026-02-14 10:32:18,877 | ERROR | pytest | Saved screenshot: reports/test_login_admin.png
2026-02-14 10:33:55,385 | INFO | base_page | Opening URL: https://iq4staging.usw2.rainbird.com
2026-02-14 10:33:57,468 | INFO | base_page | Typing into: ('id', 'userName') | value_length=3
2026-02-14 10:34:00,371 | INFO | base_page | Typing into: ('id', 'password') | value_length=3
2026-02-14 10:34:00,439 | INFO | base_page | Clicking element: ('id', 'login')
2026-02-14 10:34:08,778 | INFO | base_page | Opening URL: https://iq4staging.usw2.rainbird.com
2026-02-14 10:34:10,180 | INFO | base_page | Typing into: ('id', 'userName') | value_length=14
2026-02-14 10:34:12,626 | INFO | base_page | Typing into: ('id', 'password') | value_length=12
2026-02-14 10:34:12,693 | INFO | base_page | Clicking element: ('id', 'login')
2026-02-14 10:36:52,571 | INFO | base_page | Opening URL: https://iq4staging.usw2.rainbird.com
2026-02-14 10:36:53,758 | INFO | base_page | Typing into: ('id', 'userName') | value_length=3
2026-02-14 10:37:14,236 | ERROR | pytest | Saved screenshot: reports/test_login_invalid_credentials.png
2026-02-14 10:37:18,386 | INFO | base_page | Opening URL: https://iq4staging.usw2.rainbird.com
2026-02-14 10:37:19,478 | INFO | base_page | Typing into: ('id', 'userName') | value_length=14
2026-02-14 10:37:43,908 | ERROR | pytest | Saved screenshot: reports/test_login_admin.png
2026-02-14 10:43:28,650 | INFO | base_page | Opening URL: https://iq4staging.usw2.rainbird.com
2026-02-14 10:43:29,855 | INFO | base_page | Typing into: ('id', 'userName') | value_length=14
2026-02-14 10:43:32,632 | INFO | base_page | Typing into: ('id', 'password') | value_length=12
2026-02-14 10:43:32,692 | INFO | base_page | Clicking element: ('id', 'login')
2026-02-14 10:43:46,800 | INFO | base_page | Opening URL: https://iq4staging.usw2.rainbird.com
2026-02-14 10:43:47,931 | INFO | base_page | Typing into: ('id', 'userName') | value_length=14
2026-02-14 10:44:08,364 | ERROR | pytest | Saved artifacts: reports\test_login_admin.png, reports\test_login_admin.html, reports\test_login_admin.url.txt
2026-02-14 10:55:21,009 | INFO | base_page | Opening URL: https://iq4staging.usw2.rainbird.com
2026-02-14 10:55:22,520 | INFO | base_page | Typing into: ('id', 'userName') | value_length=14
2026-02-14 10:55:23,640 | INFO | base_page | Typing into: ('id', 'password') | value_length=12
2026-02-14 10:55:23,696 | INFO | base_page | Clicking element: ('id', 'login')
